Starting Dynare (version 6.0).
Calling Dynare with arguments: none
Starting preprocessing of the model file ... 
Found 11 equation(s). 
Evaluating expressions... 
Computing static model derivatives (order 1). 
Normalizing the static model... 
Finding the optimal block decomposition of the static model... 
6 block(s) found: 
  5 recursive block(s) and 1 simultaneous block(s). 
  the largest simultaneous block has 5 equation(s) 
                                 and 5 feedback variable(s). 
Computing dynamic model derivatives (order 2). 
Normalizing the dynamic model... 
Finding the optimal block decomposition of the dynamic model... 
4 block(s) found: 
  3 recursive block(s) and 1 simultaneous block(s). 
  the largest simultaneous block has 5 equation(s) 
                                 and 3 feedback variable(s). 
Preprocessing completed. 
Preprocessing time: 0h00m00s.

----------------------------------------------------- 
TABLA 4.1.1: Shock tecnológico*          
----------------------------------------------------- 
phi_pi           1.5            1.5            5.0            1.5   
phi_y          0.125          0.000          0.000          1.000   
y             1.7110         1.4800         2.1765         1.0435   
y_tilda       0.4074         0.1566         0.0337         1.2147   
pi            0.6416         0.2467         0.0531         1.9130   
L             0.8700         0.1286         0.0060         7.7336   

----------------------------------------------------- 
TABLA 4.1.2: Shock de preferencias*      
----------------------------------------------------- 
phi_pi           1.5            1.5            5.0            1.5   
phi_y          0.125          0.000          0.000          1.000   
y             0.5374         0.6928         0.2729         0.3632   
y_tilda       0.5374         0.6928         0.2729         0.3632   
pi            0.1827         0.2355         0.0928         0.1235   
L             0.0815         0.1355         0.0210         0.0372   
Total computing time : 0h01m33s
